{"C:\\Users\\gabri\\Fullstack2\\gamezone-react\\src\\App.jsx": {"path":"C:\\Users\\gabri\\Fullstack2\\gamezone-react\\src\\App.jsx","statementMap":{"0":{"start":{"line":15,"column":2},"end":{"line":32,"column":null}}},"fnMap":{"0":{"name":"App","decl":{"start":{"line":14,"column":24},"end":{"line":14,"column":30}},"loc":{"start":{"line":14,"column":30},"end":{"line":34,"column":null}},"line":14}},"branchMap":{},"s":{"0":1},"f":{"0":1},"b":{},"meta":{"lastBranch":0,"lastFunction":1,"lastStatement":1,"seen":{"f:14:24:14:30":0,"s:15:2:32:Infinity":0}}}
,"C:\\Users\\gabri\\Fullstack2\\gamezone-react\\src\\components\\Footer.jsx": {"path":"C:\\Users\\gabri\\Fullstack2\\gamezone-react\\src\\components\\Footer.jsx","statementMap":{"0":{"start":{"line":2,"column":2},"end":{"line":7,"column":null}}},"fnMap":{"0":{"name":"Footer","decl":{"start":{"line":1,"column":24},"end":{"line":1,"column":33}},"loc":{"start":{"line":1,"column":33},"end":{"line":9,"column":null}},"line":1}},"branchMap":{},"s":{"0":2},"f":{"0":2},"b":{},"meta":{"lastBranch":0,"lastFunction":1,"lastStatement":1,"seen":{"f:1:24:1:33":0,"s:2:2:7:Infinity":0}}}
,"C:\\Users\\gabri\\Fullstack2\\gamezone-react\\src\\components\\Navbar.jsx": {"path":"C:\\Users\\gabri\\Fullstack2\\gamezone-react\\src\\components\\Navbar.jsx","statementMap":{"0":{"start":{"line":9,"column":8},"end":{"line":9,"column":null}},"1":{"start":{"line":11,"column":20},"end":{"line":12,"column":null}},"2":{"start":{"line":12,"column":4},"end":{"line":12,"column":null}},"3":{"start":{"line":14,"column":2},"end":{"line":90,"column":null}}},"fnMap":{"0":{"name":"Navbar","decl":{"start":{"line":8,"column":24},"end":{"line":8,"column":33}},"loc":{"start":{"line":8,"column":33},"end":{"line":92,"column":null}},"line":8},"1":{"name":"(anonymous_1)","decl":{"start":{"line":11,"column":20},"end":{"line":11,"column":21}},"loc":{"start":{"line":12,"column":4},"end":{"line":12,"column":null}},"line":12}},"branchMap":{"0":{"loc":{"start":{"line":12,"column":16},"end":{"line":12,"column":82}},"type":"cond-expr","locations":[{"start":{"line":12,"column":45},"end":{"line":12,"column":70}},{"start":{"line":12,"column":70},"end":{"line":12,"column":82}}],"line":12}},"s":{"0":3,"1":3,"2":27,"3":3},"f":{"0":3,"1":27},"b":{"0":[3,24]},"meta":{"lastBranch":1,"lastFunction":2,"lastStatement":4,"seen":{"f:8:24:8:33":0,"s:9:8:9:Infinity":0,"s:11:20:12:Infinity":1,"f:11:20:11:21":1,"s:12:4:12:Infinity":2,"b:12:45:12:70:12:70:12:82":0,"s:14:2:90:Infinity":3}}}
,"C:\\Users\\gabri\\Fullstack2\\gamezone-react\\src\\pages\\Admin.jsx": {"path":"C:\\Users\\gabri\\Fullstack2\\gamezone-react\\src\\pages\\Admin.jsx","statementMap":{"0":{"start":{"line":5,"column":28},"end":{"line":5,"column":null}},"1":{"start":{"line":8,"column":32},"end":{"line":8,"column":null}},"2":{"start":{"line":9,"column":34},"end":{"line":9,"column":null}},"3":{"start":{"line":10,"column":32},"end":{"line":10,"column":null}},"4":{"start":{"line":11,"column":26},"end":{"line":11,"column":null}},"5":{"start":{"line":12,"column":24},"end":{"line":12,"column":null}},"6":{"start":{"line":15,"column":30},"end":{"line":15,"column":null}},"7":{"start":{"line":16,"column":20},"end":{"line":16,"column":null}},"8":{"start":{"line":17,"column":32},"end":{"line":17,"column":null}},"9":{"start":{"line":18,"column":26},"end":{"line":18,"column":null}},"10":{"start":{"line":19,"column":22},"end":{"line":19,"column":null}},"11":{"start":{"line":22,"column":2},"end":{"line":30,"column":null}},"12":{"start":{"line":23,"column":26},"end":{"line":23,"column":null}},"13":{"start":{"line":24,"column":26},"end":{"line":27,"column":null}},"14":{"start":{"line":28,"column":4},"end":{"line":28,"column":null}},"15":{"start":{"line":29,"column":4},"end":{"line":29,"column":null}},"16":{"start":{"line":33,"column":27},"end":{"line":36,"column":null}},"17":{"start":{"line":34,"column":4},"end":{"line":34,"column":null}},"18":{"start":{"line":35,"column":4},"end":{"line":35,"column":null}},"19":{"start":{"line":38,"column":26},"end":{"line":41,"column":null}},"20":{"start":{"line":39,"column":4},"end":{"line":39,"column":null}},"21":{"start":{"line":40,"column":4},"end":{"line":40,"column":null}},"22":{"start":{"line":44,"column":26},"end":{"line":65,"column":null}},"23":{"start":{"line":45,"column":4},"end":{"line":45,"column":null}},"24":{"start":{"line":46,"column":4},"end":{"line":49,"column":null}},"25":{"start":{"line":47,"column":6},"end":{"line":47,"column":null}},"26":{"start":{"line":48,"column":6},"end":{"line":48,"column":null}},"27":{"start":{"line":51,"column":18},"end":{"line":57,"column":null}},"28":{"start":{"line":58,"column":18},"end":{"line":58,"column":null}},"29":{"start":{"line":59,"column":4},"end":{"line":59,"column":null}},"30":{"start":{"line":60,"column":4},"end":{"line":60,"column":null}},"31":{"start":{"line":61,"column":4},"end":{"line":61,"column":null}},"32":{"start":{"line":62,"column":4},"end":{"line":62,"column":null}},"33":{"start":{"line":63,"column":4},"end":{"line":63,"column":null}},"34":{"start":{"line":64,"column":4},"end":{"line":64,"column":null}},"35":{"start":{"line":67,"column":27},"end":{"line":71,"column":null}},"36":{"start":{"line":68,"column":18},"end":{"line":68,"column":null}},"37":{"start":{"line":68,"column":42},"end":{"line":68,"column":53}},"38":{"start":{"line":69,"column":4},"end":{"line":69,"column":null}},"39":{"start":{"line":70,"column":4},"end":{"line":70,"column":null}},"40":{"start":{"line":74,"column":25},"end":{"line":94,"column":null}},"41":{"start":{"line":75,"column":4},"end":{"line":75,"column":null}},"42":{"start":{"line":76,"column":4},"end":{"line":79,"column":null}},"43":{"start":{"line":77,"column":6},"end":{"line":77,"column":null}},"44":{"start":{"line":78,"column":6},"end":{"line":78,"column":null}},"45":{"start":{"line":81,"column":4},"end":{"line":84,"column":null}},"46":{"start":{"line":81,"column":29},"end":{"line":81,"column":42}},"47":{"start":{"line":82,"column":6},"end":{"line":82,"column":null}},"48":{"start":{"line":83,"column":6},"end":{"line":83,"column":null}},"49":{"start":{"line":86,"column":18},"end":{"line":86,"column":null}},"50":{"start":{"line":87,"column":18},"end":{"line":87,"column":null}},"51":{"start":{"line":88,"column":4},"end":{"line":88,"column":null}},"52":{"start":{"line":89,"column":4},"end":{"line":89,"column":null}},"53":{"start":{"line":90,"column":4},"end":{"line":90,"column":null}},"54":{"start":{"line":91,"column":4},"end":{"line":91,"column":null}},"55":{"start":{"line":92,"column":4},"end":{"line":92,"column":null}},"56":{"start":{"line":93,"column":4},"end":{"line":93,"column":null}},"57":{"start":{"line":96,"column":26},"end":{"line":100,"column":null}},"58":{"start":{"line":97,"column":18},"end":{"line":97,"column":null}},"59":{"start":{"line":97,"column":41},"end":{"line":97,"column":54}},"60":{"start":{"line":98,"column":4},"end":{"line":98,"column":null}},"61":{"start":{"line":99,"column":4},"end":{"line":99,"column":null}},"62":{"start":{"line":103,"column":2},"end":{"line":281,"column":null}},"63":{"start":{"line":111,"column":25},"end":{"line":111,"column":null}},"64":{"start":{"line":117,"column":25},"end":{"line":117,"column":null}},"65":{"start":{"line":135,"column":35},"end":{"line":135,"column":null}},"66":{"start":{"line":144,"column":35},"end":{"line":144,"column":null}},"67":{"start":{"line":153,"column":35},"end":{"line":153,"column":null}},"68":{"start":{"line":162,"column":35},"end":{"line":162,"column":null}},"69":{"start":{"line":175,"column":16},"end":{"line":190,"column":null}},"70":{"start":{"line":184,"column":39},"end":{"line":184,"column":null}},"71":{"start":{"line":209,"column":35},"end":{"line":209,"column":null}},"72":{"start":{"line":218,"column":35},"end":{"line":218,"column":null}},"73":{"start":{"line":227,"column":35},"end":{"line":227,"column":null}},"74":{"start":{"line":234,"column":35},"end":{"line":234,"column":null}},"75":{"start":{"line":261,"column":18},"end":{"line":274,"column":null}},"76":{"start":{"line":269,"column":39},"end":{"line":269,"column":null}}},"fnMap":{"0":{"name":"Admin","decl":{"start":{"line":4,"column":24},"end":{"line":4,"column":32}},"loc":{"start":{"line":4,"column":32},"end":{"line":283,"column":null}},"line":4},"1":{"name":"(anonymous_1)","decl":{"start":{"line":22,"column":12},"end":{"line":22,"column":18}},"loc":{"start":{"line":22,"column":18},"end":{"line":30,"column":5}},"line":22},"2":{"name":"(anonymous_2)","decl":{"start":{"line":33,"column":27},"end":{"line":33,"column":28}},"loc":{"start":{"line":33,"column":38},"end":{"line":36,"column":null}},"line":33},"3":{"name":"(anonymous_3)","decl":{"start":{"line":38,"column":26},"end":{"line":38,"column":27}},"loc":{"start":{"line":38,"column":37},"end":{"line":41,"column":null}},"line":38},"4":{"name":"(anonymous_4)","decl":{"start":{"line":44,"column":26},"end":{"line":44,"column":27}},"loc":{"start":{"line":44,"column":33},"end":{"line":65,"column":null}},"line":44},"5":{"name":"(anonymous_5)","decl":{"start":{"line":67,"column":27},"end":{"line":67,"column":28}},"loc":{"start":{"line":67,"column":35},"end":{"line":71,"column":null}},"line":67},"6":{"name":"(anonymous_6)","decl":{"start":{"line":68,"column":35},"end":{"line":68,"column":36}},"loc":{"start":{"line":68,"column":42},"end":{"line":68,"column":53}},"line":68},"7":{"name":"(anonymous_7)","decl":{"start":{"line":74,"column":25},"end":{"line":74,"column":26}},"loc":{"start":{"line":74,"column":32},"end":{"line":94,"column":null}},"line":74},"8":{"name":"(anonymous_8)","decl":{"start":{"line":81,"column":22},"end":{"line":81,"column":23}},"loc":{"start":{"line":81,"column":29},"end":{"line":81,"column":42}},"line":81},"9":{"name":"(anonymous_9)","decl":{"start":{"line":96,"column":26},"end":{"line":96,"column":27}},"loc":{"start":{"line":96,"column":35},"end":{"line":100,"column":null}},"line":96},"10":{"name":"(anonymous_10)","decl":{"start":{"line":97,"column":34},"end":{"line":97,"column":35}},"loc":{"start":{"line":97,"column":41},"end":{"line":97,"column":54}},"line":97},"11":{"name":"(anonymous_11)","decl":{"start":{"line":111,"column":19},"end":{"line":111,"column":25}},"loc":{"start":{"line":111,"column":25},"end":{"line":111,"column":null}},"line":111},"12":{"name":"(anonymous_12)","decl":{"start":{"line":117,"column":19},"end":{"line":117,"column":25}},"loc":{"start":{"line":117,"column":25},"end":{"line":117,"column":null}},"line":117},"13":{"name":"(anonymous_13)","decl":{"start":{"line":135,"column":28},"end":{"line":135,"column":29}},"loc":{"start":{"line":135,"column":35},"end":{"line":135,"column":null}},"line":135},"14":{"name":"(anonymous_14)","decl":{"start":{"line":144,"column":28},"end":{"line":144,"column":29}},"loc":{"start":{"line":144,"column":35},"end":{"line":144,"column":null}},"line":144},"15":{"name":"(anonymous_15)","decl":{"start":{"line":153,"column":28},"end":{"line":153,"column":29}},"loc":{"start":{"line":153,"column":35},"end":{"line":153,"column":null}},"line":153},"16":{"name":"(anonymous_16)","decl":{"start":{"line":162,"column":28},"end":{"line":162,"column":29}},"loc":{"start":{"line":162,"column":35},"end":{"line":162,"column":null}},"line":162},"17":{"name":"(anonymous_17)","decl":{"start":{"line":174,"column":29},"end":{"line":174,"column":30}},"loc":{"start":{"line":175,"column":16},"end":{"line":190,"column":null}},"line":175},"18":{"name":"(anonymous_18)","decl":{"start":{"line":184,"column":33},"end":{"line":184,"column":39}},"loc":{"start":{"line":184,"column":39},"end":{"line":184,"column":null}},"line":184},"19":{"name":"(anonymous_19)","decl":{"start":{"line":209,"column":28},"end":{"line":209,"column":29}},"loc":{"start":{"line":209,"column":35},"end":{"line":209,"column":null}},"line":209},"20":{"name":"(anonymous_20)","decl":{"start":{"line":218,"column":28},"end":{"line":218,"column":29}},"loc":{"start":{"line":218,"column":35},"end":{"line":218,"column":null}},"line":218},"21":{"name":"(anonymous_21)","decl":{"start":{"line":227,"column":28},"end":{"line":227,"column":29}},"loc":{"start":{"line":227,"column":35},"end":{"line":227,"column":null}},"line":227},"22":{"name":"(anonymous_22)","decl":{"start":{"line":234,"column":28},"end":{"line":234,"column":29}},"loc":{"start":{"line":234,"column":35},"end":{"line":234,"column":null}},"line":234},"23":{"name":"(anonymous_23)","decl":{"start":{"line":260,"column":30},"end":{"line":260,"column":31}},"loc":{"start":{"line":261,"column":18},"end":{"line":274,"column":null}},"line":261},"24":{"name":"(anonymous_24)","decl":{"start":{"line":269,"column":33},"end":{"line":269,"column":39}},"loc":{"start":{"line":269,"column":39},"end":{"line":269,"column":null}},"line":269}},"branchMap":{"0":{"loc":{"start":{"line":23,"column":26},"end":{"line":23,"column":null}},"type":"binary-expr","locations":[{"start":{"line":23,"column":26},"end":{"line":23,"column":75}},{"start":{"line":23,"column":75},"end":{"line":23,"column":null}}],"line":23},"1":{"loc":{"start":{"line":24,"column":26},"end":{"line":27,"column":null}},"type":"binary-expr","locations":[{"start":{"line":24,"column":26},"end":{"line":24,"column":74}},{"start":{"line":24,"column":74},"end":{"line":27,"column":null}}],"line":24},"2":{"loc":{"start":{"line":46,"column":4},"end":{"line":49,"column":null}},"type":"if","locations":[{"start":{"line":46,"column":4},"end":{"line":49,"column":null}},{"start":{},"end":{}}],"line":46},"3":{"loc":{"start":{"line":46,"column":8},"end":{"line":46,"column":56}},"type":"binary-expr","locations":[{"start":{"line":46,"column":8},"end":{"line":46,"column":23}},{"start":{"line":46,"column":23},"end":{"line":46,"column":37}},{"start":{"line":46,"column":37},"end":{"line":46,"column":48}},{"start":{"line":46,"column":48},"end":{"line":46,"column":56}}],"line":46},"4":{"loc":{"start":{"line":76,"column":4},"end":{"line":79,"column":null}},"type":"if","locations":[{"start":{"line":76,"column":4},"end":{"line":79,"column":null}},{"start":{},"end":{}}],"line":76},"5":{"loc":{"start":{"line":76,"column":8},"end":{"line":76,"column":48}},"type":"binary-expr","locations":[{"start":{"line":76,"column":8},"end":{"line":76,"column":16}},{"start":{"line":76,"column":16},"end":{"line":76,"column":30}},{"start":{"line":76,"column":30},"end":{"line":76,"column":41}},{"start":{"line":76,"column":41},"end":{"line":76,"column":48}}],"line":76},"6":{"loc":{"start":{"line":81,"column":4},"end":{"line":84,"column":null}},"type":"if","locations":[{"start":{"line":81,"column":4},"end":{"line":84,"column":null}},{"start":{},"end":{}}],"line":81},"7":{"loc":{"start":{"line":110,"column":33},"end":{"line":110,"column":96}},"type":"cond-expr","locations":[{"start":{"line":110,"column":59},"end":{"line":110,"column":75}},{"start":{"line":110,"column":75},"end":{"line":110,"column":96}}],"line":110},"8":{"loc":{"start":{"line":116,"column":28},"end":{"line":116,"column":90}},"type":"cond-expr","locations":[{"start":{"line":116,"column":53},"end":{"line":116,"column":69}},{"start":{"line":116,"column":69},"end":{"line":116,"column":90}}],"line":116},"9":{"loc":{"start":{"line":124,"column":7},"end":{"line":194,"column":null}},"type":"binary-expr","locations":[{"start":{"line":124,"column":7},"end":{"line":124,"column":null}},{"start":{"line":125,"column":8},"end":{"line":194,"column":null}}],"line":124},"10":{"loc":{"start":{"line":170,"column":11},"end":{"line":192,"column":null}},"type":"cond-expr","locations":[{"start":{"line":171,"column":12},"end":{"line":171,"column":null}},{"start":{"line":173,"column":12},"end":{"line":192,"column":null}}],"line":170},"11":{"loc":{"start":{"line":198,"column":7},"end":{"line":279,"column":null}},"type":"binary-expr","locations":[{"start":{"line":198,"column":7},"end":{"line":198,"column":null}},{"start":{"line":199,"column":8},"end":{"line":279,"column":null}}],"line":198},"12":{"loc":{"start":{"line":246,"column":11},"end":{"line":277,"column":null}},"type":"cond-expr","locations":[{"start":{"line":247,"column":12},"end":{"line":247,"column":null}},{"start":{"line":249,"column":12},"end":{"line":277,"column":null}}],"line":246}},"s":{"0":0,"1":0,"2":0,"3":0,"4":0,"5":0,"6":0,"7":0,"8":0,"9":0,"10":0,"11":0,"12":0,"13":0,"14":0,"15":0,"16":0,"17":0,"18":0,"19":0,"20":0,"21":0,"22":0,"23":0,"24":0,"25":0,"26":0,"27":0,"28":0,"29":0,"30":0,"31":0,"32":0,"33":0,"34":0,"35":0,"36":0,"37":0,"38":0,"39":0,"40":0,"41":0,"42":0,"43":0,"44":0,"45":0,"46":0,"47":0,"48":0,"49":0,"50":0,"51":0,"52":0,"53":0,"54":0,"55":0,"56":0,"57":0,"58":0,"59":0,"60":0,"61":0,"62":0,"63":0,"64":0,"65":0,"66":0,"67":0,"68":0,"69":0,"70":0,"71":0,"72":0,"73":0,"74":0,"75":0,"76":0},"f":{"0":0,"1":0,"2":0,"3":0,"4":0,"5":0,"6":0,"7":0,"8":0,"9":0,"10":0,"11":0,"12":0,"13":0,"14":0,"15":0,"16":0,"17":0,"18":0,"19":0,"20":0,"21":0,"22":0,"23":0,"24":0},"b":{"0":[0,0],"1":[0,0],"2":[0,0],"3":[0,0,0,0],"4":[0,0],"5":[0,0,0,0],"6":[0,0],"7":[0,0],"8":[0,0],"9":[0,0],"10":[0,0],"11":[0,0],"12":[0,0]},"meta":{"lastBranch":13,"lastFunction":25,"lastStatement":77,"seen":{"f:4:24:4:32":0,"s:5:28:5:Infinity":0,"s:8:32:8:Infinity":1,"s:9:34:9:Infinity":2,"s:10:32:10:Infinity":3,"s:11:26:11:Infinity":4,"s:12:24:12:Infinity":5,"s:15:30:15:Infinity":6,"s:16:20:16:Infinity":7,"s:17:32:17:Infinity":8,"s:18:26:18:Infinity":9,"s:19:22:19:Infinity":10,"s:22:2:30:Infinity":11,"f:22:12:22:18":1,"s:23:26:23:Infinity":12,"b:23:26:23:75:23:75:23:Infinity":0,"s:24:26:27:Infinity":13,"b:24:26:24:74:24:74:27:Infinity":1,"s:28:4:28:Infinity":14,"s:29:4:29:Infinity":15,"s:33:27:36:Infinity":16,"f:33:27:33:28":2,"s:34:4:34:Infinity":17,"s:35:4:35:Infinity":18,"s:38:26:41:Infinity":19,"f:38:26:38:27":3,"s:39:4:39:Infinity":20,"s:40:4:40:Infinity":21,"s:44:26:65:Infinity":22,"f:44:26:44:27":4,"s:45:4:45:Infinity":23,"b:46:4:49:Infinity:undefined:undefined:undefined:undefined":2,"s:46:4:49:Infinity":24,"b:46:8:46:23:46:23:46:37:46:37:46:48:46:48:46:56":3,"s:47:6:47:Infinity":25,"s:48:6:48:Infinity":26,"s:51:18:57:Infinity":27,"s:58:18:58:Infinity":28,"s:59:4:59:Infinity":29,"s:60:4:60:Infinity":30,"s:61:4:61:Infinity":31,"s:62:4:62:Infinity":32,"s:63:4:63:Infinity":33,"s:64:4:64:Infinity":34,"s:67:27:71:Infinity":35,"f:67:27:67:28":5,"s:68:18:68:Infinity":36,"f:68:35:68:36":6,"s:68:42:68:53":37,"s:69:4:69:Infinity":38,"s:70:4:70:Infinity":39,"s:74:25:94:Infinity":40,"f:74:25:74:26":7,"s:75:4:75:Infinity":41,"b:76:4:79:Infinity:undefined:undefined:undefined:undefined":4,"s:76:4:79:Infinity":42,"b:76:8:76:16:76:16:76:30:76:30:76:41:76:41:76:48":5,"s:77:6:77:Infinity":43,"s:78:6:78:Infinity":44,"b:81:4:84:Infinity:undefined:undefined:undefined:undefined":6,"s:81:4:84:Infinity":45,"f:81:22:81:23":8,"s:81:29:81:42":46,"s:82:6:82:Infinity":47,"s:83:6:83:Infinity":48,"s:86:18:86:Infinity":49,"s:87:18:87:Infinity":50,"s:88:4:88:Infinity":51,"s:89:4:89:Infinity":52,"s:90:4:90:Infinity":53,"s:91:4:91:Infinity":54,"s:92:4:92:Infinity":55,"s:93:4:93:Infinity":56,"s:96:26:100:Infinity":57,"f:96:26:96:27":9,"s:97:18:97:Infinity":58,"f:97:34:97:35":10,"s:97:41:97:54":59,"s:98:4:98:Infinity":60,"s:99:4:99:Infinity":61,"s:103:2:281:Infinity":62,"b:110:59:110:75:110:75:110:96":7,"f:111:19:111:25":11,"s:111:25:111:Infinity":63,"b:116:53:116:69:116:69:116:90":8,"f:117:19:117:25":12,"s:117:25:117:Infinity":64,"b:124:7:124:Infinity:125:8:194:Infinity":9,"f:135:28:135:29":13,"s:135:35:135:Infinity":65,"f:144:28:144:29":14,"s:144:35:144:Infinity":66,"f:153:28:153:29":15,"s:153:35:153:Infinity":67,"f:162:28:162:29":16,"s:162:35:162:Infinity":68,"b:171:12:171:Infinity:173:12:192:Infinity":10,"f:174:29:174:30":17,"s:175:16:190:Infinity":69,"f:184:33:184:39":18,"s:184:39:184:Infinity":70,"b:198:7:198:Infinity:199:8:279:Infinity":11,"f:209:28:209:29":19,"s:209:35:209:Infinity":71,"f:218:28:218:29":20,"s:218:35:218:Infinity":72,"f:227:28:227:29":21,"s:227:35:227:Infinity":73,"f:234:28:234:29":22,"s:234:35:234:Infinity":74,"b:247:12:247:Infinity:249:12:277:Infinity":12,"f:260:30:260:31":23,"s:261:18:274:Infinity":75,"f:269:33:269:39":24,"s:269:39:269:Infinity":76}}}
,"C:\\Users\\gabri\\Fullstack2\\gamezone-react\\src\\pages\\AdminMostrarProducto.jsx": {"path":"C:\\Users\\gabri\\Fullstack2\\gamezone-react\\src\\pages\\AdminMostrarProducto.jsx","statementMap":{"0":{"start":{"line":4,"column":2},"end":{"line":41,"column":null}}},"fnMap":{"0":{"name":"AdminMostrarProducto","decl":{"start":{"line":3,"column":24},"end":{"line":3,"column":47}},"loc":{"start":{"line":3,"column":47},"end":{"line":43,"column":null}},"line":3}},"branchMap":{},"s":{"0":1},"f":{"0":1},"b":{},"meta":{"lastBranch":0,"lastFunction":1,"lastStatement":1,"seen":{"f:3:24:3:47":0,"s:4:2:41:Infinity":0}}}
,"C:\\Users\\gabri\\Fullstack2\\gamezone-react\\src\\pages\\AdminMostrarUsuario.jsx": {"path":"C:\\Users\\gabri\\Fullstack2\\gamezone-react\\src\\pages\\AdminMostrarUsuario.jsx","statementMap":{"0":{"start":{"line":4,"column":2},"end":{"line":35,"column":null}}},"fnMap":{"0":{"name":"AdminMostrarUsuario","decl":{"start":{"line":3,"column":24},"end":{"line":3,"column":46}},"loc":{"start":{"line":3,"column":46},"end":{"line":37,"column":null}},"line":3}},"branchMap":{},"s":{"0":1},"f":{"0":1},"b":{},"meta":{"lastBranch":0,"lastFunction":1,"lastStatement":1,"seen":{"f:3:24:3:46":0,"s:4:2:35:Infinity":0}}}
,"C:\\Users\\gabri\\Fullstack2\\gamezone-react\\src\\pages\\Blog.jsx": {"path":"C:\\Users\\gabri\\Fullstack2\\gamezone-react\\src\\pages\\Blog.jsx","statementMap":{"0":{"start":{"line":4,"column":24},"end":{"line":11,"column":null}},"1":{"start":{"line":5,"column":4},"end":{"line":10,"column":null}},"2":{"start":{"line":13,"column":2},"end":{"line":95,"column":null}},"3":{"start":{"line":37,"column":31},"end":{"line":37,"column":null}},"4":{"start":{"line":62,"column":18},"end":{"line":62,"column":null}},"5":{"start":{"line":87,"column":31},"end":{"line":87,"column":null}}},"fnMap":{"0":{"name":"Blog","decl":{"start":{"line":3,"column":24},"end":{"line":3,"column":31}},"loc":{"start":{"line":3,"column":31},"end":{"line":97,"column":null}},"line":3},"1":{"name":"(anonymous_1)","decl":{"start":{"line":4,"column":24},"end":{"line":4,"column":25}},"loc":{"start":{"line":4,"column":36},"end":{"line":11,"column":null}},"line":4},"2":{"name":"(anonymous_2)","decl":{"start":{"line":37,"column":25},"end":{"line":37,"column":31}},"loc":{"start":{"line":37,"column":31},"end":{"line":37,"column":null}},"line":37},"3":{"name":"(anonymous_3)","decl":{"start":{"line":61,"column":25},"end":{"line":61,"column":null}},"loc":{"start":{"line":62,"column":18},"end":{"line":62,"column":null}},"line":62},"4":{"name":"(anonymous_4)","decl":{"start":{"line":87,"column":25},"end":{"line":87,"column":31}},"loc":{"start":{"line":87,"column":31},"end":{"line":87,"column":null}},"line":87}},"branchMap":{},"s":{"0":0,"1":0,"2":0,"3":0,"4":0,"5":0},"f":{"0":0,"1":0,"2":0,"3":0,"4":0},"b":{},"meta":{"lastBranch":0,"lastFunction":5,"lastStatement":6,"seen":{"f:3:24:3:31":0,"s:4:24:11:Infinity":0,"f:4:24:4:25":1,"s:5:4:10:Infinity":1,"s:13:2:95:Infinity":2,"f:37:25:37:31":2,"s:37:31:37:Infinity":3,"f:61:25:61:Infinity":3,"s:62:18:62:Infinity":4,"f:87:25:87:31":4,"s:87:31:87:Infinity":5}}}
,"C:\\Users\\gabri\\Fullstack2\\gamezone-react\\src\\pages\\Carrito.jsx": {"path":"C:\\Users\\gabri\\Fullstack2\\gamezone-react\\src\\pages\\Carrito.jsx","statementMap":{"0":{"start":{"line":4,"column":28},"end":{"line":4,"column":null}},"1":{"start":{"line":6,"column":2},"end":{"line":10,"column":null}},"2":{"start":{"line":8,"column":28},"end":{"line":8,"column":null}},"3":{"start":{"line":9,"column":4},"end":{"line":9,"column":null}},"4":{"start":{"line":12,"column":29},"end":{"line":16,"column":null}},"5":{"start":{"line":13,"column":25},"end":{"line":13,"column":null}},"6":{"start":{"line":13,"column":47},"end":{"line":13,"column":58}},"7":{"start":{"line":14,"column":4},"end":{"line":14,"column":null}},"8":{"start":{"line":15,"column":4},"end":{"line":15,"column":null}},"9":{"start":{"line":18,"column":16},"end":{"line":18,"column":null}},"10":{"start":{"line":18,"column":43},"end":{"line":18,"column":59}},"11":{"start":{"line":20,"column":2},"end":{"line":58,"column":null}},"12":{"start":{"line":30,"column":14},"end":{"line":49,"column":null}},"13":{"start":{"line":43,"column":37},"end":{"line":43,"column":null}}},"fnMap":{"0":{"name":"Carrito","decl":{"start":{"line":3,"column":24},"end":{"line":3,"column":34}},"loc":{"start":{"line":3,"column":34},"end":{"line":60,"column":null}},"line":3},"1":{"name":"(anonymous_1)","decl":{"start":{"line":6,"column":12},"end":{"line":6,"column":18}},"loc":{"start":{"line":6,"column":18},"end":{"line":10,"column":5}},"line":6},"2":{"name":"(anonymous_2)","decl":{"start":{"line":12,"column":29},"end":{"line":12,"column":30}},"loc":{"start":{"line":12,"column":37},"end":{"line":16,"column":null}},"line":12},"3":{"name":"(anonymous_3)","decl":{"start":{"line":13,"column":40},"end":{"line":13,"column":41}},"loc":{"start":{"line":13,"column":47},"end":{"line":13,"column":58}},"line":13},"4":{"name":"(anonymous_4)","decl":{"start":{"line":18,"column":31},"end":{"line":18,"column":32}},"loc":{"start":{"line":18,"column":43},"end":{"line":18,"column":59}},"line":18},"5":{"name":"(anonymous_5)","decl":{"start":{"line":29,"column":25},"end":{"line":29,"column":26}},"loc":{"start":{"line":30,"column":14},"end":{"line":49,"column":null}},"line":30},"6":{"name":"(anonymous_6)","decl":{"start":{"line":43,"column":31},"end":{"line":43,"column":37}},"loc":{"start":{"line":43,"column":37},"end":{"line":43,"column":null}},"line":43}},"branchMap":{"0":{"loc":{"start":{"line":8,"column":28},"end":{"line":8,"column":null}},"type":"binary-expr","locations":[{"start":{"line":8,"column":28},"end":{"line":8,"column":75}},{"start":{"line":8,"column":75},"end":{"line":8,"column":null}}],"line":8},"1":{"loc":{"start":{"line":24,"column":7},"end":{"line":56,"column":null}},"type":"cond-expr","locations":[{"start":{"line":25,"column":8},"end":{"line":25,"column":null}},{"start":{"line":27,"column":8},"end":{"line":56,"column":null}}],"line":24}},"s":{"0":2,"1":2,"2":1,"3":1,"4":2,"5":0,"6":0,"7":0,"8":0,"9":2,"10":0,"11":2,"12":0,"13":0},"f":{"0":2,"1":1,"2":0,"3":0,"4":0,"5":0,"6":0},"b":{"0":[1,1],"1":[2,0]},"meta":{"lastBranch":2,"lastFunction":7,"lastStatement":14,"seen":{"f:3:24:3:34":0,"s:4:28:4:Infinity":0,"s:6:2:10:Infinity":1,"f:6:12:6:18":1,"s:8:28:8:Infinity":2,"b:8:28:8:75:8:75:8:Infinity":0,"s:9:4:9:Infinity":3,"s:12:29:16:Infinity":4,"f:12:29:12:30":2,"s:13:25:13:Infinity":5,"f:13:40:13:41":3,"s:13:47:13:58":6,"s:14:4:14:Infinity":7,"s:15:4:15:Infinity":8,"s:18:16:18:Infinity":9,"f:18:31:18:32":4,"s:18:43:18:59":10,"s:20:2:58:Infinity":11,"b:25:8:25:Infinity:27:8:56:Infinity":1,"f:29:25:29:26":5,"s:30:14:49:Infinity":12,"f:43:31:43:37":6,"s:43:37:43:Infinity":13}}}
,"C:\\Users\\gabri\\Fullstack2\\gamezone-react\\src\\pages\\Contacto.jsx": {"path":"C:\\Users\\gabri\\Fullstack2\\gamezone-react\\src\\pages\\Contacto.jsx","statementMap":{"0":{"start":{"line":5,"column":26},"end":{"line":5,"column":null}},"1":{"start":{"line":6,"column":24},"end":{"line":6,"column":null}},"2":{"start":{"line":7,"column":28},"end":{"line":7,"column":null}},"3":{"start":{"line":9,"column":27},"end":{"line":31,"column":null}},"4":{"start":{"line":10,"column":4},"end":{"line":10,"column":null}},"5":{"start":{"line":12,"column":4},"end":{"line":19,"column":null}},"6":{"start":{"line":13,"column":6},"end":{"line":17,"column":null}},"7":{"start":{"line":18,"column":6},"end":{"line":18,"column":null}},"8":{"start":{"line":21,"column":4},"end":{"line":26,"column":null}},"9":{"start":{"line":28,"column":4},"end":{"line":28,"column":null}},"10":{"start":{"line":29,"column":4},"end":{"line":29,"column":null}},"11":{"start":{"line":30,"column":4},"end":{"line":30,"column":null}},"12":{"start":{"line":33,"column":2},"end":{"line":71,"column":null}},"13":{"start":{"line":43,"column":29},"end":{"line":43,"column":null}},"14":{"start":{"line":53,"column":29},"end":{"line":53,"column":null}},"15":{"start":{"line":63,"column":29},"end":{"line":63,"column":null}}},"fnMap":{"0":{"name":"Contacto","decl":{"start":{"line":4,"column":24},"end":{"line":4,"column":35}},"loc":{"start":{"line":4,"column":35},"end":{"line":73,"column":null}},"line":4},"1":{"name":"(anonymous_1)","decl":{"start":{"line":9,"column":27},"end":{"line":9,"column":28}},"loc":{"start":{"line":9,"column":34},"end":{"line":31,"column":null}},"line":9},"2":{"name":"(anonymous_2)","decl":{"start":{"line":43,"column":22},"end":{"line":43,"column":23}},"loc":{"start":{"line":43,"column":29},"end":{"line":43,"column":null}},"line":43},"3":{"name":"(anonymous_3)","decl":{"start":{"line":53,"column":22},"end":{"line":53,"column":23}},"loc":{"start":{"line":53,"column":29},"end":{"line":53,"column":null}},"line":53},"4":{"name":"(anonymous_4)","decl":{"start":{"line":63,"column":22},"end":{"line":63,"column":23}},"loc":{"start":{"line":63,"column":29},"end":{"line":63,"column":null}},"line":63}},"branchMap":{"0":{"loc":{"start":{"line":12,"column":4},"end":{"line":19,"column":null}},"type":"if","locations":[{"start":{"line":12,"column":4},"end":{"line":19,"column":null}},{"start":{},"end":{}}],"line":12},"1":{"loc":{"start":{"line":12,"column":8},"end":{"line":12,"column":39}},"type":"binary-expr","locations":[{"start":{"line":12,"column":8},"end":{"line":12,"column":19}},{"start":{"line":12,"column":19},"end":{"line":12,"column":29}},{"start":{"line":12,"column":29},"end":{"line":12,"column":39}}],"line":12}},"s":{"0":0,"1":0,"2":0,"3":0,"4":0,"5":0,"6":0,"7":0,"8":0,"9":0,"10":0,"11":0,"12":0,"13":0,"14":0,"15":0},"f":{"0":0,"1":0,"2":0,"3":0,"4":0},"b":{"0":[0,0],"1":[0,0,0]},"meta":{"lastBranch":2,"lastFunction":5,"lastStatement":16,"seen":{"f:4:24:4:35":0,"s:5:26:5:Infinity":0,"s:6:24:6:Infinity":1,"s:7:28:7:Infinity":2,"s:9:27:31:Infinity":3,"f:9:27:9:28":1,"s:10:4:10:Infinity":4,"b:12:4:19:Infinity:undefined:undefined:undefined:undefined":0,"s:12:4:19:Infinity":5,"b:12:8:12:19:12:19:12:29:12:29:12:39":1,"s:13:6:17:Infinity":6,"s:18:6:18:Infinity":7,"s:21:4:26:Infinity":8,"s:28:4:28:Infinity":9,"s:29:4:29:Infinity":10,"s:30:4:30:Infinity":11,"s:33:2:71:Infinity":12,"f:43:22:43:23":2,"s:43:29:43:Infinity":13,"f:53:22:53:23":3,"s:53:29:53:Infinity":14,"f:63:22:63:23":4,"s:63:29:63:Infinity":15}}}
,"C:\\Users\\gabri\\Fullstack2\\gamezone-react\\src\\pages\\Home.jsx": {"path":"C:\\Users\\gabri\\Fullstack2\\gamezone-react\\src\\pages\\Home.jsx","statementMap":{"0":{"start":{"line":2,"column":2},"end":{"line":11,"column":null}}},"fnMap":{"0":{"name":"Home","decl":{"start":{"line":1,"column":24},"end":{"line":1,"column":31}},"loc":{"start":{"line":1,"column":31},"end":{"line":13,"column":null}},"line":1}},"branchMap":{},"s":{"0":5},"f":{"0":5},"b":{},"meta":{"lastBranch":0,"lastFunction":1,"lastStatement":1,"seen":{"f:1:24:1:31":0,"s:2:2:11:Infinity":0}}}
,"C:\\Users\\gabri\\Fullstack2\\gamezone-react\\src\\pages\\Login.jsx": {"path":"C:\\Users\\gabri\\Fullstack2\\gamezone-react\\src\\pages\\Login.jsx","statementMap":{"0":{"start":{"line":2,"column":2},"end":{"line":21,"column":null}}},"fnMap":{"0":{"name":"Login","decl":{"start":{"line":1,"column":24},"end":{"line":1,"column":32}},"loc":{"start":{"line":1,"column":32},"end":{"line":23,"column":null}},"line":1}},"branchMap":{},"s":{"0":1},"f":{"0":1},"b":{},"meta":{"lastBranch":0,"lastFunction":1,"lastStatement":1,"seen":{"f:1:24:1:32":0,"s:2:2:21:Infinity":0}}}
,"C:\\Users\\gabri\\Fullstack2\\gamezone-react\\src\\pages\\Nosotros.jsx": {"path":"C:\\Users\\gabri\\Fullstack2\\gamezone-react\\src\\pages\\Nosotros.jsx","statementMap":{"0":{"start":{"line":2,"column":2},"end":{"line":40,"column":null}}},"fnMap":{"0":{"name":"Nosotros","decl":{"start":{"line":1,"column":24},"end":{"line":1,"column":35}},"loc":{"start":{"line":1,"column":35},"end":{"line":42,"column":null}},"line":1}},"branchMap":{},"s":{"0":0},"f":{"0":0},"b":{},"meta":{"lastBranch":0,"lastFunction":1,"lastStatement":1,"seen":{"f:1:24:1:35":0,"s:2:2:40:Infinity":0}}}
,"C:\\Users\\gabri\\Fullstack2\\gamezone-react\\src\\pages\\Productos.jsx": {"path":"C:\\Users\\gabri\\Fullstack2\\gamezone-react\\src\\pages\\Productos.jsx","statementMap":{"0":{"start":{"line":5,"column":18},"end":{"line":16,"column":null}},"1":{"start":{"line":18,"column":27},"end":{"line":26,"column":null}},"2":{"start":{"line":19,"column":4},"end":{"line":25,"column":null}},"3":{"start":{"line":28,"column":2},"end":{"line":53,"column":null}},"4":{"start":{"line":34,"column":10},"end":{"line":50,"column":null}},"5":{"start":{"line":45,"column":67},"end":{"line":45,"column":95}}},"fnMap":{"0":{"name":"Productos","decl":{"start":{"line":4,"column":24},"end":{"line":4,"column":36}},"loc":{"start":{"line":4,"column":36},"end":{"line":55,"column":null}},"line":4},"1":{"name":"(anonymous_1)","decl":{"start":{"line":18,"column":27},"end":{"line":18,"column":28}},"loc":{"start":{"line":18,"column":39},"end":{"line":26,"column":null}},"line":18},"2":{"name":"(anonymous_2)","decl":{"start":{"line":33,"column":23},"end":{"line":33,"column":24}},"loc":{"start":{"line":34,"column":10},"end":{"line":50,"column":null}},"line":34},"3":{"name":"(anonymous_3)","decl":{"start":{"line":45,"column":61},"end":{"line":45,"column":67}},"loc":{"start":{"line":45,"column":67},"end":{"line":45,"column":95}},"line":45}},"branchMap":{},"s":{"0":1,"1":1,"2":0,"3":1,"4":10,"5":0},"f":{"0":1,"1":0,"2":10,"3":0},"b":{},"meta":{"lastBranch":0,"lastFunction":4,"lastStatement":6,"seen":{"f:4:24:4:36":0,"s:5:18:16:Infinity":0,"s:18:27:26:Infinity":1,"f:18:27:18:28":1,"s:19:4:25:Infinity":2,"s:28:2:53:Infinity":3,"f:33:23:33:24":2,"s:34:10:50:Infinity":4,"f:45:61:45:67":3,"s:45:67:45:95":5}}}
,"C:\\Users\\gabri\\Fullstack2\\gamezone-react\\src\\pages\\Registro.jsx": {"path":"C:\\Users\\gabri\\Fullstack2\\gamezone-react\\src\\pages\\Registro.jsx","statementMap":{"0":{"start":{"line":2,"column":2},"end":{"line":29,"column":null}}},"fnMap":{"0":{"name":"Registro","decl":{"start":{"line":1,"column":24},"end":{"line":1,"column":35}},"loc":{"start":{"line":1,"column":35},"end":{"line":31,"column":null}},"line":1}},"branchMap":{},"s":{"0":1},"f":{"0":1},"b":{},"meta":{"lastBranch":0,"lastFunction":1,"lastStatement":1,"seen":{"f:1:24:1:35":0,"s:2:2:29:Infinity":0}}}
}
